ERROR - 2025-04-13 08:01:12 --> Error connecting to the database: mysqli_sql_exception: No connection could be made because the target machine actively refused it in C:\xampp\htdocs\codeigniter\system\Database\MySQLi\Connection.php:201
Stack trace:
#0 C:\xampp\htdocs\codeigniter\system\Database\MySQLi\Connection.php(201): mysqli->real_connect('localhost', 'root', Object(SensitiveParameterValue), 'codeigniter', 3306, '', 0)
#1 C:\xampp\htdocs\codeigniter\system\Database\BaseConnection.php(421): CodeIgniter\Database\MySQLi\Connection->connect(false)
#2 C:\xampp\htdocs\codeigniter\system\Database\BaseConnection.php(620): CodeIgniter\Database\BaseConnection->initialize()
#3 C:\xampp\htdocs\codeigniter\system\Database\BaseBuilder.php(1649): CodeIgniter\Database\BaseConnection->query('SELECT *\nFROM `...', Array, false)
#4 C:\xampp\htdocs\codeigniter\system\Model.php(330): CodeIgniter\Database\BaseBuilder->get()
#5 C:\xampp\htdocs\codeigniter\system\BaseModel.php(713): CodeIgniter\Model->doFirst()
#6 C:\xampp\htdocs\codeigniter\app\Controllers\Auth\Login.php(31): CodeIgniter\BaseModel->first()
#7 C:\xampp\htdocs\codeigniter\system\CodeIgniter.php(933): App\Controllers\Auth\Login->login()
#8 C:\xampp\htdocs\codeigniter\system\CodeIgniter.php(507): CodeIgniter\CodeIgniter->runController(Object(App\Controllers\Auth\Login))
#9 C:\xampp\htdocs\codeigniter\system\CodeIgniter.php(354): CodeIgniter\CodeIgniter->handleRequest(NULL, Object(Config\Cache), false)
#10 C:\xampp\htdocs\codeigniter\system\Boot.php(334): CodeIgniter\CodeIgniter->run()
#11 C:\xampp\htdocs\codeigniter\system\Boot.php(67): CodeIgniter\Boot::runCodeIgniter(Object(CodeIgniter\CodeIgniter))
#12 C:\xampp\htdocs\codeigniter\public\index.php(56): CodeIgniter\Boot::bootWeb(Object(Config\Paths))
#13 C:\xampp\htdocs\codeigniter\system\rewrite.php(44): require_once('C:\\xampp\\htdocs...')
#14 {main}

Next CodeIgniter\Database\Exceptions\DatabaseException: No connection could be made because the target machine actively refused it in C:\xampp\htdocs\codeigniter\system\Database\MySQLi\Connection.php:246
Stack trace:
#0 C:\xampp\htdocs\codeigniter\system\Database\BaseConnection.php(421): CodeIgniter\Database\MySQLi\Connection->connect(false)
#1 C:\xampp\htdocs\codeigniter\system\Database\BaseConnection.php(620): CodeIgniter\Database\BaseConnection->initialize()
#2 C:\xampp\htdocs\codeigniter\system\Database\BaseBuilder.php(1649): CodeIgniter\Database\BaseConnection->query('SELECT *\nFROM `...', Array, false)
#3 C:\xampp\htdocs\codeigniter\system\Model.php(330): CodeIgniter\Database\BaseBuilder->get()
#4 C:\xampp\htdocs\codeigniter\system\BaseModel.php(713): CodeIgniter\Model->doFirst()
#5 C:\xampp\htdocs\codeigniter\app\Controllers\Auth\Login.php(31): CodeIgniter\BaseModel->first()
#6 C:\xampp\htdocs\codeigniter\system\CodeIgniter.php(933): App\Controllers\Auth\Login->login()
#7 C:\xampp\htdocs\codeigniter\system\CodeIgniter.php(507): CodeIgniter\CodeIgniter->runController(Object(App\Controllers\Auth\Login))
#8 C:\xampp\htdocs\codeigniter\system\CodeIgniter.php(354): CodeIgniter\CodeIgniter->handleRequest(NULL, Object(Config\Cache), false)
#9 C:\xampp\htdocs\codeigniter\system\Boot.php(334): CodeIgniter\CodeIgniter->run()
#10 C:\xampp\htdocs\codeigniter\system\Boot.php(67): CodeIgniter\Boot::runCodeIgniter(Object(CodeIgniter\CodeIgniter))
#11 C:\xampp\htdocs\codeigniter\public\index.php(56): CodeIgniter\Boot::bootWeb(Object(Config\Paths))
#12 C:\xampp\htdocs\codeigniter\system\rewrite.php(44): require_once('C:\\xampp\\htdocs...')
#13 {main}
CRITICAL - 2025-04-13 08:01:12 --> CodeIgniter\Database\Exceptions\DatabaseException: Unable to connect to the database.
Main connection [MySQLi]: No connection could be made because the target machine actively refused it
[Method: POST, Route: login]
in SYSTEMPATH\Database\BaseConnection.php on line 467.
 1 SYSTEMPATH\Database\BaseConnection.php(620): CodeIgniter\Database\BaseConnection->initialize()
 2 SYSTEMPATH\Database\BaseBuilder.php(1649): CodeIgniter\Database\BaseConnection->query('SELECT *
FROM `pat_users`
WHERE `username` = :username:
OR `email` = :email:
 LIMIT 1', [...], false)
 3 SYSTEMPATH\Model.php(330): CodeIgniter\Database\BaseBuilder->get()
 4 SYSTEMPATH\BaseModel.php(713): CodeIgniter\Model->doFirst()
 5 APPPATH\Controllers\Auth\Login.php(31): CodeIgniter\BaseModel->first()
 6 SYSTEMPATH\CodeIgniter.php(933): App\Controllers\Auth\Login->login()
 7 SYSTEMPATH\CodeIgniter.php(507): CodeIgniter\CodeIgniter->runController(Object(App\Controllers\Auth\Login))
 8 SYSTEMPATH\CodeIgniter.php(354): CodeIgniter\CodeIgniter->handleRequest(null, Object(Config\Cache), false)
 9 SYSTEMPATH\Boot.php(334): CodeIgniter\CodeIgniter->run()
10 SYSTEMPATH\Boot.php(67): CodeIgniter\Boot::runCodeIgniter(Object(CodeIgniter\CodeIgniter))
11 FCPATH\index.php(56): CodeIgniter\Boot::bootWeb(Object(Config\Paths))
12 SYSTEMPATH\rewrite.php(44): require_once('C:\\xampp\\htdocs\\codeigniter\\public\\index.php')
ERROR - 2025-04-13 08:01:28 --> Error connecting to the database: mysqli_sql_exception: No connection could be made because the target machine actively refused it in C:\xampp\htdocs\codeigniter\system\Database\MySQLi\Connection.php:201
Stack trace:
#0 C:\xampp\htdocs\codeigniter\system\Database\MySQLi\Connection.php(201): mysqli->real_connect('localhost', 'root', Object(SensitiveParameterValue), 'codeigniter', 3306, '', 0)
#1 C:\xampp\htdocs\codeigniter\system\Database\BaseConnection.php(421): CodeIgniter\Database\MySQLi\Connection->connect(false)
#2 C:\xampp\htdocs\codeigniter\system\Database\BaseConnection.php(620): CodeIgniter\Database\BaseConnection->initialize()
#3 C:\xampp\htdocs\codeigniter\system\Database\BaseBuilder.php(1649): CodeIgniter\Database\BaseConnection->query('SELECT *\nFROM `...', Array, false)
#4 C:\xampp\htdocs\codeigniter\system\Model.php(330): CodeIgniter\Database\BaseBuilder->get()
#5 C:\xampp\htdocs\codeigniter\system\BaseModel.php(713): CodeIgniter\Model->doFirst()
#6 C:\xampp\htdocs\codeigniter\app\Controllers\Auth\Login.php(31): CodeIgniter\BaseModel->first()
#7 C:\xampp\htdocs\codeigniter\system\CodeIgniter.php(933): App\Controllers\Auth\Login->login()
#8 C:\xampp\htdocs\codeigniter\system\CodeIgniter.php(507): CodeIgniter\CodeIgniter->runController(Object(App\Controllers\Auth\Login))
#9 C:\xampp\htdocs\codeigniter\system\CodeIgniter.php(354): CodeIgniter\CodeIgniter->handleRequest(NULL, Object(Config\Cache), false)
#10 C:\xampp\htdocs\codeigniter\system\Boot.php(334): CodeIgniter\CodeIgniter->run()
#11 C:\xampp\htdocs\codeigniter\system\Boot.php(67): CodeIgniter\Boot::runCodeIgniter(Object(CodeIgniter\CodeIgniter))
#12 C:\xampp\htdocs\codeigniter\public\index.php(56): CodeIgniter\Boot::bootWeb(Object(Config\Paths))
#13 C:\xampp\htdocs\codeigniter\system\rewrite.php(44): require_once('C:\\xampp\\htdocs...')
#14 {main}

Next CodeIgniter\Database\Exceptions\DatabaseException: No connection could be made because the target machine actively refused it in C:\xampp\htdocs\codeigniter\system\Database\MySQLi\Connection.php:246
Stack trace:
#0 C:\xampp\htdocs\codeigniter\system\Database\BaseConnection.php(421): CodeIgniter\Database\MySQLi\Connection->connect(false)
#1 C:\xampp\htdocs\codeigniter\system\Database\BaseConnection.php(620): CodeIgniter\Database\BaseConnection->initialize()
#2 C:\xampp\htdocs\codeigniter\system\Database\BaseBuilder.php(1649): CodeIgniter\Database\BaseConnection->query('SELECT *\nFROM `...', Array, false)
#3 C:\xampp\htdocs\codeigniter\system\Model.php(330): CodeIgniter\Database\BaseBuilder->get()
#4 C:\xampp\htdocs\codeigniter\system\BaseModel.php(713): CodeIgniter\Model->doFirst()
#5 C:\xampp\htdocs\codeigniter\app\Controllers\Auth\Login.php(31): CodeIgniter\BaseModel->first()
#6 C:\xampp\htdocs\codeigniter\system\CodeIgniter.php(933): App\Controllers\Auth\Login->login()
#7 C:\xampp\htdocs\codeigniter\system\CodeIgniter.php(507): CodeIgniter\CodeIgniter->runController(Object(App\Controllers\Auth\Login))
#8 C:\xampp\htdocs\codeigniter\system\CodeIgniter.php(354): CodeIgniter\CodeIgniter->handleRequest(NULL, Object(Config\Cache), false)
#9 C:\xampp\htdocs\codeigniter\system\Boot.php(334): CodeIgniter\CodeIgniter->run()
#10 C:\xampp\htdocs\codeigniter\system\Boot.php(67): CodeIgniter\Boot::runCodeIgniter(Object(CodeIgniter\CodeIgniter))
#11 C:\xampp\htdocs\codeigniter\public\index.php(56): CodeIgniter\Boot::bootWeb(Object(Config\Paths))
#12 C:\xampp\htdocs\codeigniter\system\rewrite.php(44): require_once('C:\\xampp\\htdocs...')
#13 {main}
CRITICAL - 2025-04-13 08:01:28 --> CodeIgniter\Database\Exceptions\DatabaseException: Unable to connect to the database.
Main connection [MySQLi]: No connection could be made because the target machine actively refused it
[Method: POST, Route: login]
in SYSTEMPATH\Database\BaseConnection.php on line 467.
 1 SYSTEMPATH\Database\BaseConnection.php(620): CodeIgniter\Database\BaseConnection->initialize()
 2 SYSTEMPATH\Database\BaseBuilder.php(1649): CodeIgniter\Database\BaseConnection->query('SELECT *
FROM `pat_users`
WHERE `username` = :username:
OR `email` = :email:
 LIMIT 1', [...], false)
 3 SYSTEMPATH\Model.php(330): CodeIgniter\Database\BaseBuilder->get()
 4 SYSTEMPATH\BaseModel.php(713): CodeIgniter\Model->doFirst()
 5 APPPATH\Controllers\Auth\Login.php(31): CodeIgniter\BaseModel->first()
 6 SYSTEMPATH\CodeIgniter.php(933): App\Controllers\Auth\Login->login()
 7 SYSTEMPATH\CodeIgniter.php(507): CodeIgniter\CodeIgniter->runController(Object(App\Controllers\Auth\Login))
 8 SYSTEMPATH\CodeIgniter.php(354): CodeIgniter\CodeIgniter->handleRequest(null, Object(Config\Cache), false)
 9 SYSTEMPATH\Boot.php(334): CodeIgniter\CodeIgniter->run()
10 SYSTEMPATH\Boot.php(67): CodeIgniter\Boot::runCodeIgniter(Object(CodeIgniter\CodeIgniter))
11 FCPATH\index.php(56): CodeIgniter\Boot::bootWeb(Object(Config\Paths))
12 SYSTEMPATH\rewrite.php(44): require_once('C:\\xampp\\htdocs\\codeigniter\\public\\index.php')
ERROR - 2025-04-13 09:58:56 --> mysqli_sql_exception: Invalid default value for 'created_at' in C:\xampp\htdocs\codeigniter\system\Database\MySQLi\Connection.php:327
Stack trace:
#0 C:\xampp\htdocs\codeigniter\system\Database\MySQLi\Connection.php(327): mysqli->query('CREATE TABLE `p...', 0)
#1 C:\xampp\htdocs\codeigniter\system\Database\BaseConnection.php(738): CodeIgniter\Database\MySQLi\Connection->execute('CREATE TABLE `p...')
#2 C:\xampp\htdocs\codeigniter\system\Database\BaseConnection.php(652): CodeIgniter\Database\BaseConnection->simpleQuery('CREATE TABLE `p...')
#3 C:\xampp\htdocs\codeigniter\system\Database\Forge.php(570): CodeIgniter\Database\BaseConnection->query('CREATE TABLE `p...')
#4 C:\xampp\htdocs\codeigniter\app\Database\Migrations\2025-04-13-095633_PatProducts.php(61): CodeIgniter\Database\Forge->createTable('pat_pat_product...')
#5 C:\xampp\htdocs\codeigniter\system\Database\MigrationRunner.php(866): App\Database\Migrations\PatProducts->up()
#6 C:\xampp\htdocs\codeigniter\system\Database\MigrationRunner.php(182): CodeIgniter\Database\MigrationRunner->migrate('up', Object(stdClass))
#7 C:\xampp\htdocs\codeigniter\system\Commands\Database\Migrate.php(85): CodeIgniter\Database\MigrationRunner->latest(NULL)
#8 C:\xampp\htdocs\codeigniter\system\CLI\Commands.php(70): CodeIgniter\Commands\Database\Migrate->run(Array)
#9 C:\xampp\htdocs\codeigniter\system\CLI\Console.php(48): CodeIgniter\CLI\Commands->run('migrate', Array)
#10 C:\xampp\htdocs\codeigniter\system\Boot.php(360): CodeIgniter\CLI\Console->run()
#11 C:\xampp\htdocs\codeigniter\system\Boot.php(104): CodeIgniter\Boot::runCommand(Object(CodeIgniter\CLI\Console))
#12 C:\xampp\htdocs\codeigniter\spark(84): CodeIgniter\Boot::bootSpark(Object(Config\Paths))
#13 {main}
ERROR - 2025-04-13 10:01:49 --> mysqli_sql_exception: Unknown table 'codeigniter.pat_products' in C:\xampp\htdocs\codeigniter\system\Database\MySQLi\Connection.php:327
Stack trace:
#0 C:\xampp\htdocs\codeigniter\system\Database\MySQLi\Connection.php(327): mysqli->query('DROP TABLE `pat...', 0)
#1 C:\xampp\htdocs\codeigniter\system\Database\BaseConnection.php(738): CodeIgniter\Database\MySQLi\Connection->execute('DROP TABLE `pat...')
#2 C:\xampp\htdocs\codeigniter\system\Database\BaseConnection.php(652): CodeIgniter\Database\BaseConnection->simpleQuery('DROP TABLE `pat...')
#3 C:\xampp\htdocs\codeigniter\system\Database\Forge.php(663): CodeIgniter\Database\BaseConnection->query('DROP TABLE `pat...')
#4 C:\xampp\htdocs\codeigniter\app\Database\Migrations\2025-04-13-095633_PatProducts.php(66): CodeIgniter\Database\Forge->dropTable('products')
#5 C:\xampp\htdocs\codeigniter\system\Database\MigrationRunner.php(866): App\Database\Migrations\PatProducts->down()
#6 C:\xampp\htdocs\codeigniter\system\Database\MigrationRunner.php(289): CodeIgniter\Database\MigrationRunner->migrate('down', Object(stdClass))
#7 C:\xampp\htdocs\codeigniter\system\Commands\Database\MigrateRollback.php(101): CodeIgniter\Database\MigrationRunner->regress(1)
#8 C:\xampp\htdocs\codeigniter\system\CLI\Commands.php(70): CodeIgniter\Commands\Database\MigrateRollback->run(Array)
#9 C:\xampp\htdocs\codeigniter\system\CLI\Console.php(48): CodeIgniter\CLI\Commands->run('migrate:rollbac...', Array)
#10 C:\xampp\htdocs\codeigniter\system\Boot.php(360): CodeIgniter\CLI\Console->run()
#11 C:\xampp\htdocs\codeigniter\system\Boot.php(104): CodeIgniter\Boot::runCommand(Object(CodeIgniter\CLI\Console))
#12 C:\xampp\htdocs\codeigniter\spark(84): CodeIgniter\Boot::bootSpark(Object(Config\Paths))
#13 {main}
ERROR - 2025-04-13 10:02:02 --> mysqli_sql_exception: Unknown table 'codeigniter.pat_products' in C:\xampp\htdocs\codeigniter\system\Database\MySQLi\Connection.php:327
Stack trace:
#0 C:\xampp\htdocs\codeigniter\system\Database\MySQLi\Connection.php(327): mysqli->query('DROP TABLE `pat...', 0)
#1 C:\xampp\htdocs\codeigniter\system\Database\BaseConnection.php(738): CodeIgniter\Database\MySQLi\Connection->execute('DROP TABLE `pat...')
#2 C:\xampp\htdocs\codeigniter\system\Database\BaseConnection.php(652): CodeIgniter\Database\BaseConnection->simpleQuery('DROP TABLE `pat...')
#3 C:\xampp\htdocs\codeigniter\system\Database\Forge.php(663): CodeIgniter\Database\BaseConnection->query('DROP TABLE `pat...')
#4 C:\xampp\htdocs\codeigniter\app\Database\Migrations\2025-04-13-095633_PatProducts.php(66): CodeIgniter\Database\Forge->dropTable('products')
#5 C:\xampp\htdocs\codeigniter\system\Database\MigrationRunner.php(866): App\Database\Migrations\PatProducts->down()
#6 C:\xampp\htdocs\codeigniter\system\Database\MigrationRunner.php(289): CodeIgniter\Database\MigrationRunner->migrate('down', Object(stdClass))
#7 C:\xampp\htdocs\codeigniter\system\Commands\Database\MigrateRollback.php(101): CodeIgniter\Database\MigrationRunner->regress(1)
#8 C:\xampp\htdocs\codeigniter\system\CLI\Commands.php(70): CodeIgniter\Commands\Database\MigrateRollback->run(Array)
#9 C:\xampp\htdocs\codeigniter\system\CLI\Console.php(48): CodeIgniter\CLI\Commands->run('migrate:rollbac...', Array)
#10 C:\xampp\htdocs\codeigniter\system\Boot.php(360): CodeIgniter\CLI\Console->run()
#11 C:\xampp\htdocs\codeigniter\system\Boot.php(104): CodeIgniter\Boot::runCommand(Object(CodeIgniter\CLI\Console))
#12 C:\xampp\htdocs\codeigniter\spark(84): CodeIgniter\Boot::bootSpark(Object(Config\Paths))
#13 {main}
CRITICAL - 2025-04-13 10:22:20 --> Error: Call to a member function isValid() on null
[Method: POST, Route: pat-product/create]
in APPPATH\Controllers\Backend\Product\PatProductController.php on line 31.
 1 SYSTEMPATH\CodeIgniter.php(933): App\Controllers\Backend\Product\PatProductController->create()
 2 SYSTEMPATH\CodeIgniter.php(507): CodeIgniter\CodeIgniter->runController(Object(App\Controllers\Backend\Product\PatProductController))
 3 SYSTEMPATH\CodeIgniter.php(354): CodeIgniter\CodeIgniter->handleRequest(null, Object(Config\Cache), false)
 4 SYSTEMPATH\Boot.php(334): CodeIgniter\CodeIgniter->run()
 5 SYSTEMPATH\Boot.php(67): CodeIgniter\Boot::runCodeIgniter(Object(CodeIgniter\CodeIgniter))
 6 FCPATH\index.php(56): CodeIgniter\Boot::bootWeb(Object(Config\Paths))
 7 SYSTEMPATH\rewrite.php(44): require_once('C:\\xampp\\htdocs\\codeigniter\\public\\index.php')
ERROR - 2025-04-13 10:25:51 --> mysqli_sql_exception: Table 'codeigniter.pat_products' doesn't exist in C:\xampp\htdocs\codeigniter\system\Database\MySQLi\Connection.php:327
Stack trace:
#0 C:\xampp\htdocs\codeigniter\system\Database\MySQLi\Connection.php(327): mysqli->query('INSERT INTO `pa...', 0)
#1 C:\xampp\htdocs\codeigniter\system\Database\BaseConnection.php(738): CodeIgniter\Database\MySQLi\Connection->execute('INSERT INTO `pa...')
#2 C:\xampp\htdocs\codeigniter\system\Database\BaseConnection.php(652): CodeIgniter\Database\BaseConnection->simpleQuery('INSERT INTO `pa...')
#3 C:\xampp\htdocs\codeigniter\system\Database\BaseBuilder.php(2345): CodeIgniter\Database\BaseConnection->query('INSERT INTO `pa...', Array, false)
#4 C:\xampp\htdocs\codeigniter\system\Model.php(394): CodeIgniter\Database\BaseBuilder->insert()
#5 C:\xampp\htdocs\codeigniter\system\BaseModel.php(839): CodeIgniter\Model->doInsert(Array)
#6 C:\xampp\htdocs\codeigniter\system\Model.php(800): CodeIgniter\BaseModel->insert(Array, true)
#7 C:\xampp\htdocs\codeigniter\app\Controllers\Backend\Product\PatProductController.php(53): CodeIgniter\Model->insert(Array)
#8 C:\xampp\htdocs\codeigniter\system\CodeIgniter.php(933): App\Controllers\Backend\Product\PatProductController->create()
#9 C:\xampp\htdocs\codeigniter\system\CodeIgniter.php(507): CodeIgniter\CodeIgniter->runController(Object(App\Controllers\Backend\Product\PatProductController))
#10 C:\xampp\htdocs\codeigniter\system\CodeIgniter.php(354): CodeIgniter\CodeIgniter->handleRequest(NULL, Object(Config\Cache), false)
#11 C:\xampp\htdocs\codeigniter\system\Boot.php(334): CodeIgniter\CodeIgniter->run()
#12 C:\xampp\htdocs\codeigniter\system\Boot.php(67): CodeIgniter\Boot::runCodeIgniter(Object(CodeIgniter\CodeIgniter))
#13 C:\xampp\htdocs\codeigniter\public\index.php(56): CodeIgniter\Boot::bootWeb(Object(Config\Paths))
#14 C:\xampp\htdocs\codeigniter\system\rewrite.php(44): require_once('C:\\xampp\\htdocs...')
#15 {main}
CRITICAL - 2025-04-13 10:25:51 --> CodeIgniter\Database\Exceptions\DatabaseException: Table 'codeigniter.pat_products' doesn't exist
[Method: POST, Route: pat-product/create]
in SYSTEMPATH\Database\BaseConnection.php on line 692.
 1 SYSTEMPATH\Database\BaseBuilder.php(2345): CodeIgniter\Database\BaseConnection->query('INSERT INTO `pat_products` (`id`, `product_name`, `product_description`, `product_image`, `product_price`, `category`, `sku`, `stock_quantity`, `is_active`) VALUES (:id:, :product_name:, :product_description:, :product_image:, :product_price:, :category:, :sku:, :stock_quantity:, :is_active:)', [...], false)
 2 SYSTEMPATH\Model.php(394): CodeIgniter\Database\BaseBuilder->insert()
 3 SYSTEMPATH\BaseModel.php(839): CodeIgniter\Model->doInsert([...])
 4 SYSTEMPATH\Model.php(800): CodeIgniter\BaseModel->insert([...], true)
 5 APPPATH\Controllers\Backend\Product\PatProductController.php(53): CodeIgniter\Model->insert([...])
 6 SYSTEMPATH\CodeIgniter.php(933): App\Controllers\Backend\Product\PatProductController->create()
 7 SYSTEMPATH\CodeIgniter.php(507): CodeIgniter\CodeIgniter->runController(Object(App\Controllers\Backend\Product\PatProductController))
 8 SYSTEMPATH\CodeIgniter.php(354): CodeIgniter\CodeIgniter->handleRequest(null, Object(Config\Cache), false)
 9 SYSTEMPATH\Boot.php(334): CodeIgniter\CodeIgniter->run()
10 SYSTEMPATH\Boot.php(67): CodeIgniter\Boot::runCodeIgniter(Object(CodeIgniter\CodeIgniter))
11 FCPATH\index.php(56): CodeIgniter\Boot::bootWeb(Object(Config\Paths))
12 SYSTEMPATH\rewrite.php(44): require_once('C:\\xampp\\htdocs\\codeigniter\\public\\index.php')
CRITICAL - 2025-04-13 10:25:51 --> [Caused by] CodeIgniter\Database\Exceptions\DatabaseException: Table 'codeigniter.pat_products' doesn't exist
in SYSTEMPATH\Database\MySQLi\Connection.php on line 332.
 1 SYSTEMPATH\Database\BaseConnection.php(738): CodeIgniter\Database\MySQLi\Connection->execute('INSERT INTO `pat_products` (`id`, `product_name`, `product_description`, `product_image`, `product_price`, `category`, `sku`, `stock_quantity`, `is_active`) VALUES (1, \'Zia Beard\', \'Quae voluptatibus al\', \'1744539951_16ffdf5568908a79e0a1.png\', \'474\', \'Ut pariatur Eos nul\', \'Necessitatibus simil\', \'87\', NULL)')
 2 SYSTEMPATH\Database\BaseConnection.php(652): CodeIgniter\Database\BaseConnection->simpleQuery('INSERT INTO `pat_products` (`id`, `product_name`, `product_description`, `product_image`, `product_price`, `category`, `sku`, `stock_quantity`, `is_active`) VALUES (1, \'Zia Beard\', \'Quae voluptatibus al\', \'1744539951_16ffdf5568908a79e0a1.png\', \'474\', \'Ut pariatur Eos nul\', \'Necessitatibus simil\', \'87\', NULL)')
 3 SYSTEMPATH\Database\BaseBuilder.php(2345): CodeIgniter\Database\BaseConnection->query('INSERT INTO `pat_products` (`id`, `product_name`, `product_description`, `product_image`, `product_price`, `category`, `sku`, `stock_quantity`, `is_active`) VALUES (:id:, :product_name:, :product_description:, :product_image:, :product_price:, :category:, :sku:, :stock_quantity:, :is_active:)', [...], false)
 4 SYSTEMPATH\Model.php(394): CodeIgniter\Database\BaseBuilder->insert()
 5 SYSTEMPATH\BaseModel.php(839): CodeIgniter\Model->doInsert([...])
 6 SYSTEMPATH\Model.php(800): CodeIgniter\BaseModel->insert([...], true)
 7 APPPATH\Controllers\Backend\Product\PatProductController.php(53): CodeIgniter\Model->insert([...])
 8 SYSTEMPATH\CodeIgniter.php(933): App\Controllers\Backend\Product\PatProductController->create()
 9 SYSTEMPATH\CodeIgniter.php(507): CodeIgniter\CodeIgniter->runController(Object(App\Controllers\Backend\Product\PatProductController))
10 SYSTEMPATH\CodeIgniter.php(354): CodeIgniter\CodeIgniter->handleRequest(null, Object(Config\Cache), false)
11 SYSTEMPATH\Boot.php(334): CodeIgniter\CodeIgniter->run()
12 SYSTEMPATH\Boot.php(67): CodeIgniter\Boot::runCodeIgniter(Object(CodeIgniter\CodeIgniter))
13 FCPATH\index.php(56): CodeIgniter\Boot::bootWeb(Object(Config\Paths))
14 SYSTEMPATH\rewrite.php(44): require_once('C:\\xampp\\htdocs\\codeigniter\\public\\index.php')
CRITICAL - 2025-04-13 10:25:51 --> [Caused by] mysqli_sql_exception: Table 'codeigniter.pat_products' doesn't exist
in SYSTEMPATH\Database\MySQLi\Connection.php on line 327.
 1 SYSTEMPATH\Database\MySQLi\Connection.php(327): mysqli->query('INSERT INTO `pat_products` (`id`, `product_name`, `product_description`, `product_image`, `product_price`, `category`, `sku`, `stock_quantity`, `is_active`) VALUES (1, \'Zia Beard\', \'Quae voluptatibus al\', \'1744539951_16ffdf5568908a79e0a1.png\', \'474\', \'Ut pariatur Eos nul\', \'Necessitatibus simil\', \'87\', NULL)', 0)
 2 SYSTEMPATH\Database\BaseConnection.php(738): CodeIgniter\Database\MySQLi\Connection->execute('INSERT INTO `pat_products` (`id`, `product_name`, `product_description`, `product_image`, `product_price`, `category`, `sku`, `stock_quantity`, `is_active`) VALUES (1, \'Zia Beard\', \'Quae voluptatibus al\', \'1744539951_16ffdf5568908a79e0a1.png\', \'474\', \'Ut pariatur Eos nul\', \'Necessitatibus simil\', \'87\', NULL)')
 3 SYSTEMPATH\Database\BaseConnection.php(652): CodeIgniter\Database\BaseConnection->simpleQuery('INSERT INTO `pat_products` (`id`, `product_name`, `product_description`, `product_image`, `product_price`, `category`, `sku`, `stock_quantity`, `is_active`) VALUES (1, \'Zia Beard\', \'Quae voluptatibus al\', \'1744539951_16ffdf5568908a79e0a1.png\', \'474\', \'Ut pariatur Eos nul\', \'Necessitatibus simil\', \'87\', NULL)')
 4 SYSTEMPATH\Database\BaseBuilder.php(2345): CodeIgniter\Database\BaseConnection->query('INSERT INTO `pat_products` (`id`, `product_name`, `product_description`, `product_image`, `product_price`, `category`, `sku`, `stock_quantity`, `is_active`) VALUES (:id:, :product_name:, :product_description:, :product_image:, :product_price:, :category:, :sku:, :stock_quantity:, :is_active:)', [...], false)
 5 SYSTEMPATH\Model.php(394): CodeIgniter\Database\BaseBuilder->insert()
 6 SYSTEMPATH\BaseModel.php(839): CodeIgniter\Model->doInsert([...])
 7 SYSTEMPATH\Model.php(800): CodeIgniter\BaseModel->insert([...], true)
 8 APPPATH\Controllers\Backend\Product\PatProductController.php(53): CodeIgniter\Model->insert([...])
 9 SYSTEMPATH\CodeIgniter.php(933): App\Controllers\Backend\Product\PatProductController->create()
10 SYSTEMPATH\CodeIgniter.php(507): CodeIgniter\CodeIgniter->runController(Object(App\Controllers\Backend\Product\PatProductController))
11 SYSTEMPATH\CodeIgniter.php(354): CodeIgniter\CodeIgniter->handleRequest(null, Object(Config\Cache), false)
12 SYSTEMPATH\Boot.php(334): CodeIgniter\CodeIgniter->run()
13 SYSTEMPATH\Boot.php(67): CodeIgniter\Boot::runCodeIgniter(Object(CodeIgniter\CodeIgniter))
14 FCPATH\index.php(56): CodeIgniter\Boot::bootWeb(Object(Config\Paths))
15 SYSTEMPATH\rewrite.php(44): require_once('C:\\xampp\\htdocs\\codeigniter\\public\\index.php')
CRITICAL - 2025-04-13 10:39:16 --> Error: Call to a member function isValid() on null
[Method: GET, Route: pat-product/create]
in APPPATH\Controllers\Backend\Product\PatProductController.php on line 34.
 1 SYSTEMPATH\CodeIgniter.php(933): App\Controllers\Backend\Product\PatProductController->create()
 2 SYSTEMPATH\CodeIgniter.php(507): CodeIgniter\CodeIgniter->runController(Object(App\Controllers\Backend\Product\PatProductController))
 3 SYSTEMPATH\CodeIgniter.php(354): CodeIgniter\CodeIgniter->handleRequest(null, Object(Config\Cache), false)
 4 SYSTEMPATH\Boot.php(334): CodeIgniter\CodeIgniter->run()
 5 SYSTEMPATH\Boot.php(67): CodeIgniter\Boot::runCodeIgniter(Object(CodeIgniter\CodeIgniter))
 6 FCPATH\index.php(56): CodeIgniter\Boot::bootWeb(Object(Config\Paths))
 7 SYSTEMPATH\rewrite.php(44): require_once('C:\\xampp\\htdocs\\codeigniter\\public\\index.php')
ERROR - 2025-04-13 10:46:43 --> mysqli_sql_exception: Table 'codeigniter.pat_products' doesn't exist in C:\xampp\htdocs\codeigniter\system\Database\MySQLi\Connection.php:327
Stack trace:
#0 C:\xampp\htdocs\codeigniter\system\Database\MySQLi\Connection.php(327): mysqli->query('INSERT INTO `pa...', 0)
#1 C:\xampp\htdocs\codeigniter\system\Database\BaseConnection.php(738): CodeIgniter\Database\MySQLi\Connection->execute('INSERT INTO `pa...')
#2 C:\xampp\htdocs\codeigniter\system\Database\BaseConnection.php(652): CodeIgniter\Database\BaseConnection->simpleQuery('INSERT INTO `pa...')
#3 C:\xampp\htdocs\codeigniter\system\Database\BaseBuilder.php(2345): CodeIgniter\Database\BaseConnection->query('INSERT INTO `pa...', Array, false)
#4 C:\xampp\htdocs\codeigniter\system\Model.php(394): CodeIgniter\Database\BaseBuilder->insert()
#5 C:\xampp\htdocs\codeigniter\system\BaseModel.php(839): CodeIgniter\Model->doInsert(Array)
#6 C:\xampp\htdocs\codeigniter\system\Model.php(800): CodeIgniter\BaseModel->insert(Array, true)
#7 C:\xampp\htdocs\codeigniter\app\Controllers\Backend\Product\PatProductController.php(60): CodeIgniter\Model->insert(Array)
#8 C:\xampp\htdocs\codeigniter\system\CodeIgniter.php(933): App\Controllers\Backend\Product\PatProductController->create()
#9 C:\xampp\htdocs\codeigniter\system\CodeIgniter.php(507): CodeIgniter\CodeIgniter->runController(Object(App\Controllers\Backend\Product\PatProductController))
#10 C:\xampp\htdocs\codeigniter\system\CodeIgniter.php(354): CodeIgniter\CodeIgniter->handleRequest(NULL, Object(Config\Cache), false)
#11 C:\xampp\htdocs\codeigniter\system\Boot.php(334): CodeIgniter\CodeIgniter->run()
#12 C:\xampp\htdocs\codeigniter\system\Boot.php(67): CodeIgniter\Boot::runCodeIgniter(Object(CodeIgniter\CodeIgniter))
#13 C:\xampp\htdocs\codeigniter\public\index.php(56): CodeIgniter\Boot::bootWeb(Object(Config\Paths))
#14 C:\xampp\htdocs\codeigniter\system\rewrite.php(44): require_once('C:\\xampp\\htdocs...')
#15 {main}
CRITICAL - 2025-04-13 10:46:43 --> CodeIgniter\Database\Exceptions\DatabaseException: Table 'codeigniter.pat_products' doesn't exist
[Method: POST, Route: pat-product/create]
in SYSTEMPATH\Database\BaseConnection.php on line 692.
 1 SYSTEMPATH\Database\BaseBuilder.php(2345): CodeIgniter\Database\BaseConnection->query('INSERT INTO `pat_products` (`id`, `product_name`, `product_description`, `product_image`, `product_price`, `category`, `sku`, `stock_quantity`, `is_active`) VALUES (:id:, :product_name:, :product_description:, :product_image:, :product_price:, :category:, :sku:, :stock_quantity:, :is_active:)', [...], false)
 2 SYSTEMPATH\Model.php(394): CodeIgniter\Database\BaseBuilder->insert()
 3 SYSTEMPATH\BaseModel.php(839): CodeIgniter\Model->doInsert([...])
 4 SYSTEMPATH\Model.php(800): CodeIgniter\BaseModel->insert([...], true)
 5 APPPATH\Controllers\Backend\Product\PatProductController.php(60): CodeIgniter\Model->insert([...])
 6 SYSTEMPATH\CodeIgniter.php(933): App\Controllers\Backend\Product\PatProductController->create()
 7 SYSTEMPATH\CodeIgniter.php(507): CodeIgniter\CodeIgniter->runController(Object(App\Controllers\Backend\Product\PatProductController))
 8 SYSTEMPATH\CodeIgniter.php(354): CodeIgniter\CodeIgniter->handleRequest(null, Object(Config\Cache), false)
 9 SYSTEMPATH\Boot.php(334): CodeIgniter\CodeIgniter->run()
10 SYSTEMPATH\Boot.php(67): CodeIgniter\Boot::runCodeIgniter(Object(CodeIgniter\CodeIgniter))
11 FCPATH\index.php(56): CodeIgniter\Boot::bootWeb(Object(Config\Paths))
12 SYSTEMPATH\rewrite.php(44): require_once('C:\\xampp\\htdocs\\codeigniter\\public\\index.php')
CRITICAL - 2025-04-13 10:46:43 --> [Caused by] CodeIgniter\Database\Exceptions\DatabaseException: Table 'codeigniter.pat_products' doesn't exist
in SYSTEMPATH\Database\MySQLi\Connection.php on line 332.
 1 SYSTEMPATH\Database\BaseConnection.php(738): CodeIgniter\Database\MySQLi\Connection->execute('INSERT INTO `pat_products` (`id`, `product_name`, `product_description`, `product_image`, `product_price`, `category`, `sku`, `stock_quantity`, `is_active`) VALUES (\'11\', \'Beau Sloan\', \'Cupiditate vitae acc\', \'\', \'889\', \'Magna placeat non h\', \'Eaque soluta cupidit\', \'261\', NULL)')
 2 SYSTEMPATH\Database\BaseConnection.php(652): CodeIgniter\Database\BaseConnection->simpleQuery('INSERT INTO `pat_products` (`id`, `product_name`, `product_description`, `product_image`, `product_price`, `category`, `sku`, `stock_quantity`, `is_active`) VALUES (\'11\', \'Beau Sloan\', \'Cupiditate vitae acc\', \'\', \'889\', \'Magna placeat non h\', \'Eaque soluta cupidit\', \'261\', NULL)')
 3 SYSTEMPATH\Database\BaseBuilder.php(2345): CodeIgniter\Database\BaseConnection->query('INSERT INTO `pat_products` (`id`, `product_name`, `product_description`, `product_image`, `product_price`, `category`, `sku`, `stock_quantity`, `is_active`) VALUES (:id:, :product_name:, :product_description:, :product_image:, :product_price:, :category:, :sku:, :stock_quantity:, :is_active:)', [...], false)
 4 SYSTEMPATH\Model.php(394): CodeIgniter\Database\BaseBuilder->insert()
 5 SYSTEMPATH\BaseModel.php(839): CodeIgniter\Model->doInsert([...])
 6 SYSTEMPATH\Model.php(800): CodeIgniter\BaseModel->insert([...], true)
 7 APPPATH\Controllers\Backend\Product\PatProductController.php(60): CodeIgniter\Model->insert([...])
 8 SYSTEMPATH\CodeIgniter.php(933): App\Controllers\Backend\Product\PatProductController->create()
 9 SYSTEMPATH\CodeIgniter.php(507): CodeIgniter\CodeIgniter->runController(Object(App\Controllers\Backend\Product\PatProductController))
10 SYSTEMPATH\CodeIgniter.php(354): CodeIgniter\CodeIgniter->handleRequest(null, Object(Config\Cache), false)
11 SYSTEMPATH\Boot.php(334): CodeIgniter\CodeIgniter->run()
12 SYSTEMPATH\Boot.php(67): CodeIgniter\Boot::runCodeIgniter(Object(CodeIgniter\CodeIgniter))
13 FCPATH\index.php(56): CodeIgniter\Boot::bootWeb(Object(Config\Paths))
14 SYSTEMPATH\rewrite.php(44): require_once('C:\\xampp\\htdocs\\codeigniter\\public\\index.php')
CRITICAL - 2025-04-13 10:46:43 --> [Caused by] mysqli_sql_exception: Table 'codeigniter.pat_products' doesn't exist
in SYSTEMPATH\Database\MySQLi\Connection.php on line 327.
 1 SYSTEMPATH\Database\MySQLi\Connection.php(327): mysqli->query('INSERT INTO `pat_products` (`id`, `product_name`, `product_description`, `product_image`, `product_price`, `category`, `sku`, `stock_quantity`, `is_active`) VALUES (\'11\', \'Beau Sloan\', \'Cupiditate vitae acc\', \'\', \'889\', \'Magna placeat non h\', \'Eaque soluta cupidit\', \'261\', NULL)', 0)
 2 SYSTEMPATH\Database\BaseConnection.php(738): CodeIgniter\Database\MySQLi\Connection->execute('INSERT INTO `pat_products` (`id`, `product_name`, `product_description`, `product_image`, `product_price`, `category`, `sku`, `stock_quantity`, `is_active`) VALUES (\'11\', \'Beau Sloan\', \'Cupiditate vitae acc\', \'\', \'889\', \'Magna placeat non h\', \'Eaque soluta cupidit\', \'261\', NULL)')
 3 SYSTEMPATH\Database\BaseConnection.php(652): CodeIgniter\Database\BaseConnection->simpleQuery('INSERT INTO `pat_products` (`id`, `product_name`, `product_description`, `product_image`, `product_price`, `category`, `sku`, `stock_quantity`, `is_active`) VALUES (\'11\', \'Beau Sloan\', \'Cupiditate vitae acc\', \'\', \'889\', \'Magna placeat non h\', \'Eaque soluta cupidit\', \'261\', NULL)')
 4 SYSTEMPATH\Database\BaseBuilder.php(2345): CodeIgniter\Database\BaseConnection->query('INSERT INTO `pat_products` (`id`, `product_name`, `product_description`, `product_image`, `product_price`, `category`, `sku`, `stock_quantity`, `is_active`) VALUES (:id:, :product_name:, :product_description:, :product_image:, :product_price:, :category:, :sku:, :stock_quantity:, :is_active:)', [...], false)
 5 SYSTEMPATH\Model.php(394): CodeIgniter\Database\BaseBuilder->insert()
 6 SYSTEMPATH\BaseModel.php(839): CodeIgniter\Model->doInsert([...])
 7 SYSTEMPATH\Model.php(800): CodeIgniter\BaseModel->insert([...], true)
 8 APPPATH\Controllers\Backend\Product\PatProductController.php(60): CodeIgniter\Model->insert([...])
 9 SYSTEMPATH\CodeIgniter.php(933): App\Controllers\Backend\Product\PatProductController->create()
10 SYSTEMPATH\CodeIgniter.php(507): CodeIgniter\CodeIgniter->runController(Object(App\Controllers\Backend\Product\PatProductController))
11 SYSTEMPATH\CodeIgniter.php(354): CodeIgniter\CodeIgniter->handleRequest(null, Object(Config\Cache), false)
12 SYSTEMPATH\Boot.php(334): CodeIgniter\CodeIgniter->run()
13 SYSTEMPATH\Boot.php(67): CodeIgniter\Boot::runCodeIgniter(Object(CodeIgniter\CodeIgniter))
14 FCPATH\index.php(56): CodeIgniter\Boot::bootWeb(Object(Config\Paths))
15 SYSTEMPATH\rewrite.php(44): require_once('C:\\xampp\\htdocs\\codeigniter\\public\\index.php')
